This file contains any messages produced by compilers while
running configure, to aid debugging if configure makes a mistake.

It was created by configure, which was
generated by GNU Autoconf 2.69.  Invocation command line was

  $ ./configure 

## --------- ##
## Platform. ##
## --------- ##

hostname = karna.local
uname -m = x86_64
uname -r = 15.6.0
uname -s = Darwin
uname -v = Darwin Kernel Version 15.6.0: Thu Jun 23 18:25:34 PDT 2016; root:xnu-3248.60.10~1/RELEASE_X86_64

/usr/bin/uname -p = i386
/bin/uname -X     = unknown

/bin/arch              = unknown
/usr/bin/arch -k       = unknown
/usr/convex/getsysinfo = unknown
/usr/bin/hostinfo      = Mach kernel version:
	 Darwin Kernel Version 15.6.0: Thu Jun 23 18:25:34 PDT 2016; root:xnu-3248.60.10~1/RELEASE_X86_64
Kernel configured for up to 8 processors.
4 processors are physically available.
8 processors are logically available.
Processor type: i486 (Intel 80486)
Processors active: 0 1 2 3 4 5 6 7
Primary memory available: 16.00 gigabytes
Default processor set: 302 tasks, 3218 threads, 8 processors
Load average: 1.70, Mach factor: 6.28
/bin/machine           = unknown
/usr/bin/oslevel       = unknown
/bin/universe          = unknown

PATH: /Users/naras/anaconda/bin
PATH: /Users/naras/bin
PATH: /usr/local/bin
PATH: /usr/bin
PATH: /bin
PATH: /usr/sbin
PATH: /sbin
PATH: /opt/X11/bin
PATH: /usr/local/ncbi/blast/bin
PATH: /Library/TeX/texbin
PATH: /Applications/SiteApps/Emacs.app/Contents/MacOS/bin-x86_64-10_9
PATH: /Applications/SiteApps/Emacs.app/Contents/MacOS/libexec-x86_64-10_9


## ----------- ##
## Core tests. ##
## ----------- ##

configure:2136: checking for gcc
configure:2163: result: clang
configure:2392: checking for C compiler version
configure:2401: clang --version >&5
Apple LLVM version 7.3.0 (clang-703.0.31)
Target: x86_64-apple-darwin15.6.0
Thread model: posix
InstalledDir: /Applications/Xcode.app/Contents/Developer/Toolchains/XcodeDefault.xctoolchain/usr/bin
configure:2412: $? = 0
configure:2401: clang -v >&5
Apple LLVM version 7.3.0 (clang-703.0.31)
Target: x86_64-apple-darwin15.6.0
Thread model: posix
InstalledDir: /Applications/Xcode.app/Contents/Developer/Toolchains/XcodeDefault.xctoolchain/usr/bin
configure:2412: $? = 0
configure:2401: clang -V >&5
clang: error: argument to '-V' is missing (expected 1 value)
clang: error: no input files
configure:2412: $? = 1
configure:2401: clang -qversion >&5
clang: error: unknown argument: '-qversion'
clang: error: no input files
configure:2412: $? = 1
configure:2432: checking whether the C compiler works
configure:2454: clang -Wall -mtune=core2 -g -O2 -I/usr/local/include -I/usr/local/include/freetype2 -I/opt/X11/include  conftest.c  >&5
configure:2458: $? = 0
configure:2506: result: yes
configure:2509: checking for C compiler default output file name
configure:2511: result: a.out
configure:2517: checking for suffix of executables
configure:2524: clang -o conftest -Wall -mtune=core2 -g -O2 -I/usr/local/include -I/usr/local/include/freetype2 -I/opt/X11/include  conftest.c  >&5
configure:2528: $? = 0
configure:2550: result: 
configure:2572: checking whether we are cross compiling
configure:2580: clang -o conftest -Wall -mtune=core2 -g -O2 -I/usr/local/include -I/usr/local/include/freetype2 -I/opt/X11/include  conftest.c  >&5
configure:2584: $? = 0
configure:2591: ./conftest
configure:2595: $? = 0
configure:2610: result: no
configure:2615: checking for suffix of object files
configure:2637: clang -c -Wall -mtune=core2 -g -O2 -I/usr/local/include -I/usr/local/include/freetype2 -I/opt/X11/include conftest.c >&5
configure:2641: $? = 0
configure:2662: result: o
configure:2666: checking whether we are using the GNU C compiler
configure:2685: clang -c -Wall -mtune=core2 -g -O2 -I/usr/local/include -I/usr/local/include/freetype2 -I/opt/X11/include conftest.c >&5
configure:2685: $? = 0
configure:2694: result: yes
configure:2703: checking whether clang accepts -g
configure:2723: clang -c -g -I/usr/local/include -I/usr/local/include/freetype2 -I/opt/X11/include conftest.c >&5
configure:2723: $? = 0
configure:2764: result: yes
configure:2781: checking for clang option to accept ISO C89
configure:2844: clang  -c -Wall -mtune=core2 -g -O2 -I/usr/local/include -I/usr/local/include/freetype2 -I/opt/X11/include conftest.c >&5
configure:2844: $? = 0
configure:2857: result: none needed
configure:2882: checking how to run the C preprocessor
configure:2952: result: clang -E
configure:2972: clang -E -I/usr/local/include -I/usr/local/include/freetype2 -I/opt/X11/include conftest.c
configure:2972: $? = 0
configure:2986: clang -E -I/usr/local/include -I/usr/local/include/freetype2 -I/opt/X11/include conftest.c
conftest.c:9:10: fatal error: 'ac_nonexistent.h' file not found
#include <ac_nonexistent.h>
         ^
1 error generated.
configure:2986: $? = 1
configure: failed program was:
| /* confdefs.h */
| #define PACKAGE_NAME ""
| #define PACKAGE_TARNAME ""
| #define PACKAGE_VERSION ""
| #define PACKAGE_STRING ""
| #define PACKAGE_BUGREPORT ""
| #define PACKAGE_URL ""
| /* end confdefs.h.  */
| #include <ac_nonexistent.h>
configure:3510: creating ./config.status

## ---------------------- ##
## Running config.status. ##
## ---------------------- ##

This file was extended by config.status, which was
generated by GNU Autoconf 2.69.  Invocation command line was

  CONFIG_FILES    = 
  CONFIG_HEADERS  = 
  CONFIG_LINKS    = 
  CONFIG_COMMANDS = 
  $ ./config.status 

on karna.local

config.status:725: creating src/Makevars

## ---------------- ##
## Cache variables. ##
## ---------------- ##

ac_cv_c_compiler_gnu=yes
ac_cv_env_CC_set=
ac_cv_env_CC_value=
ac_cv_env_CFLAGS_set=set
ac_cv_env_CFLAGS_value='-UNDEBUG -Wall -pedantic -g -O0'
ac_cv_env_CPPFLAGS_set=
ac_cv_env_CPPFLAGS_value=
ac_cv_env_CPP_set=
ac_cv_env_CPP_value=
ac_cv_env_LDFLAGS_set=
ac_cv_env_LDFLAGS_value=
ac_cv_env_LIBS_set=
ac_cv_env_LIBS_value=
ac_cv_env_build_alias_set=
ac_cv_env_build_alias_value=
ac_cv_env_host_alias_set=
ac_cv_env_host_alias_value=
ac_cv_env_target_alias_set=
ac_cv_env_target_alias_value=
ac_cv_objext=o
ac_cv_prog_CPP='clang -E'
ac_cv_prog_ac_ct_CC=clang
ac_cv_prog_cc_c89=
ac_cv_prog_cc_g=yes

## ----------------- ##
## Output variables. ##
## ----------------- ##

CC='clang'
CFLAGS='-Wall -mtune=core2 -g -O2'
CPP='clang -E'
CPPFLAGS='-I/usr/local/include -I/usr/local/include/freetype2 -I/opt/X11/include'
DEFS='-DPACKAGE_NAME=\"\" -DPACKAGE_TARNAME=\"\" -DPACKAGE_VERSION=\"\" -DPACKAGE_STRING=\"\" -DPACKAGE_BUGREPORT=\"\" -DPACKAGE_URL=\"\"'
ECHO_C='\c'
ECHO_N=''
ECHO_T=''
ECOS_TS='ecos.ts'
EGREP=''
EXEEXT=''
GREP=''
LDFLAGS=''
LIBOBJS=''
LIBS=''
LTLIBOBJS=''
OBJEXT='o'
PACKAGE_BUGREPORT=''
PACKAGE_NAME=''
PACKAGE_STRING=''
PACKAGE_TARNAME=''
PACKAGE_URL=''
PACKAGE_VERSION=''
PATH_SEPARATOR=':'
PKG_CFLAGS=''
PKG_CPPFLAGS='-I../inst/include -Iecos/include -Iecos/external/ldl/include -Iecos/external/amd/include -Iecos/external/SuiteSparse_config '
PKG_LIBS='-Lecos -lecos -lecos_bb -lecos -lecos_bb'
SHELL='/bin/sh'
ac_ct_CC='clang'
bindir='${exec_prefix}/bin'
build_alias=''
datadir='${datarootdir}'
datarootdir='${prefix}/share'
docdir='${datarootdir}/doc/${PACKAGE}'
dvidir='${docdir}'
exec_prefix='${prefix}'
host_alias=''
htmldir='${docdir}'
includedir='${prefix}/include'
infodir='${datarootdir}/info'
libdir='${exec_prefix}/lib'
libexecdir='${exec_prefix}/libexec'
localedir='${datarootdir}/locale'
localstatedir='${prefix}/var'
mandir='${datarootdir}/man'
oldincludedir='/usr/include'
pdfdir='${docdir}'
prefix='/usr/local'
program_transform_name='s,x,x,'
psdir='${docdir}'
sbindir='${exec_prefix}/sbin'
sharedstatedir='${prefix}/com'
sysconfdir='${prefix}/etc'
target_alias=''

## ----------- ##
## confdefs.h. ##
## ----------- ##

/* confdefs.h */
#define PACKAGE_NAME ""
#define PACKAGE_TARNAME ""
#define PACKAGE_VERSION ""
#define PACKAGE_STRING ""
#define PACKAGE_BUGREPORT ""
#define PACKAGE_URL ""

configure: exit 0
