
R version 3.4.1 (2017-06-30) -- "Single Candle"
Copyright (C) 2017 The R Foundation for Statistical Computing
Platform: x86_64-apple-darwin15.6.0 (64-bit)

R is free software and comes with ABSOLUTELY NO WARRANTY.
You are welcome to redistribute it under certain conditions.
Type 'license()' or 'licence()' for distribution details.

  Natural language support but running in an English locale

R is a collaborative project with many contributors.
Type 'contributors()' for more information and
'citation()' on how to cite R or R packages in publications.

Type 'demo()' for some demos, 'help()' for on-line help, or
'help.start()' for an HTML browser interface to help.
Type 'q()' to quit R.

> > if(identical(getOption('pager'), file.path(R.home('bin'), 'pager'))) # rather take the ESS one
+       options(pager='cat')
> options(STERM='iESS', str.dendrogram.last="'", editor='emacsclient', show.error.locations=TRUE)
> library(cvxr)

Attaching package: ‘cvxr’

The following objects are masked from ‘package:stats’:

    decompose, reshape

The following objects are masked from ‘package:base’:

    split, trace

Warning messages:
1: replacing previous import ‘Matrix::crossprod’ by ‘gmp::crossprod’ when loading ‘cvxr’ 
2: replacing previous import ‘Matrix::tcrossprod’ by ‘gmp::tcrossprod’ when loading ‘cvxr’ 
> A <- Variable(2,2)
> obj <- Maximize(LogDet(A))
> p <- Problem(obj)
> result <- solve(p)
Loading required package: Matrix
Loading required package: scs
Before Build Matrix 1
Processing constraint 0
After constructing external ptr
Instantiating ProblemData-R6 
Before Build Matrix 1
Processing constraint 0
Processing constraint 1
Processing constraint 2
Processing constraint 3
Processing constraint 4
Processing constraint 5
Processing constraint 6
Processing constraint 7
Processing constraint 8
After constructing external ptr
Instantiating ProblemData-R6 
> result
$status
[1] "optimal_inaccurate"

$solve_time
[1] 0.10665

$setup_time
[1] 8.0493e-05

$num_iters
[1] 2500

$value
[1] 8.493787

$primal
 [1]  6.129310e+04  0.000000e+00  0.000000e+00  0.000000e+00  0.000000e+00
 [6]  0.000000e+00  0.000000e+00  0.000000e+00  2.784083e+04  2.611445e-12
[11]  2.784083e+04  1.100616e-04 -1.561647e-12  6.129310e+04  2.784083e+04
[16]  0.000000e+00  0.000000e+00  3.951364e-06  2.784083e+04  1.185442e-05
[21]  1.018403e+01 -1.867781e+01

$eq_dual
 [1]  0.000000e+00 -4.164938e-07  1.434054e+04 -2.382271e-07  0.000000e+00
 [6]  0.000000e+00 -4.302161e+04  4.172214e-07  0.000000e+00  0.000000e+00
[11] -1.434054e+04  0.000000e+00  0.000000e+00  0.000000e+00  0.000000e+00
[16]  0.000000e+00

$ineq_dual
 [1]  0.000000e+00  0.000000e+00  0.000000e+00  0.000000e+00  0.000000e+00
 [6]  0.000000e+00  0.000000e+00  0.000000e+00  0.000000e+00  0.000000e+00
[11]  0.000000e+00  0.000000e+00  0.000000e+00  0.000000e+00  0.000000e+00
[16]  0.000000e+00  0.000000e+00  0.000000e+00  0.000000e+00  0.000000e+00
[21] -1.071286e-02  9.860011e-02  3.969590e-07 -6.332359e-01 -7.861023e+00
[26]  5.736215e+04

> result <- solve(p, verbose = TRUE)
Before Build Matrix 1
Processing constraint 0
After constructing external ptr
Instantiating ProblemData-R6 
Before Build Matrix 1
Processing constraint 0
Processing constraint 1
Processing constraint 2
Processing constraint 3
Processing constraint 4
Processing constraint 5
Processing constraint 6
Processing constraint 7
Processing constraint 8
After constructing external ptr
Instantiating ProblemData-R6 
----------------------------------------------------------------------------
	SCS v1.2.1 - Splitting Conic Solver
	(c) Brendan O'Donoghue, Stanford University, 2012-2016
----------------------------------------------------------------------------
Lin-sys: sparse-direct, nnz in A = 37
eps = 1.00e-03, alpha = 1.50, max_iters = 2500, normalize = 1, scale = 1.00
Variables n = 22, constraints m = 35
Cones:	primal zero / dual free vars: 16
	sd vars: 13, sd blks: 2
	exp vars: 6, dual exp vars: 0
Setup time: 1.64e-04s
----------------------------------------------------------------------------
 Iter | pri res | dua res | rel gap | pri obj | dua obj | kap/tau | time (s)
----------------------------------------------------------------------------
     0|      inf       inf       nan      -inf       inf       inf  1.64e-04 
   100| 3.82e-02  5.96e-02  1.66e-02  1.46e+00  1.53e+00  2.06e-16  2.98e-02 
   200| 3.08e-02  4.78e-02  1.05e-02  1.46e+00  1.50e+00  2.63e-16  3.11e-02 
   300| 4.19e-01  1.24e-01  6.00e-01 -6.53e-01  8.45e-01  1.06e-16  3.24e-02 
   400| 4.90e-01  2.62e-01  4.03e-02  7.60e+00  8.28e+00  0.00e+00  3.70e-02 
   500| 4.70e-01  4.08e-01  1.05e-02  1.20e+01  1.18e+01  1.45e-16  4.15e-02 
   600| 4.03e-01  3.84e-01  1.97e-01 -3.41e+00 -5.33e+00  3.01e-17  4.56e-02 
   700| 4.90e-01  9.95e-01  2.38e-01 -1.42e+01 -8.52e+00  3.95e-17  4.96e-02 
   800| 4.58e-01  2.55e-01  3.00e-02  5.08e+00  5.42e+00  3.97e-17  5.39e-02 
   900| 3.01e-01  4.08e-01  9.67e-02  2.74e+00  2.17e+00  2.63e-16  5.80e-02 
  1000| 5.13e-01  3.53e-01  2.56e-01 -3.50e+00 -1.87e+00  1.72e-16  6.24e-02 
  1100| 7.76e-01  1.16e+00  4.42e-02 -1.25e+01 -1.37e+01  2.46e-16  6.60e-02 
  1200| 4.68e-01  4.28e-01  4.93e-01 -1.95e-01 -1.55e+00  4.23e-17  7.06e-02 
  1300| 4.36e-01  1.73e-01  5.73e-03  8.14e+00  8.04e+00  0.00e+00  7.37e-02 
  1400| 6.70e-01  4.79e-01  1.96e-01  4.54e+00  6.99e+00  3.90e-17  7.76e-02 
  1500| 4.93e-01  4.00e-01  2.52e-01 -2.57e+00 -4.64e+00  2.08e-16  8.16e-02 
  1600| 1.19e+00  2.43e+00  3.27e-02  2.72e+01  2.54e+01  0.00e+00  8.58e-02 
  1700| 2.65e-01  4.23e-01  1.24e-01  2.14e+00  1.56e+00  1.08e-16  9.06e-02 
  1800| 4.87e-01  1.84e-01  2.79e-01  3.40e+00  6.41e+00  1.22e-16  9.49e-02 
  1900| 4.29e-01  4.19e-01  2.27e-01 -6.21e+00 -3.73e+00  1.29e-16  9.87e-02 
  2000| 4.32e-01  2.34e-01  1.57e-03  1.03e+01  1.03e+01  4.43e-17  1.02e-01 
  2100| 2.60e-01  3.20e-01  2.07e-02  8.85e+00  9.25e+00  6.03e-17  1.07e-01 
  2200| 1.45e+01  2.18e+01  1.27e-01  2.04e+02  2.64e+02  3.82e-15  1.11e-01 
  2300| 7.85e-01  3.88e-01  2.90e-01 -2.30e+00 -4.60e+00  0.00e+00  1.15e-01 
  2400| 5.86e-01  5.14e-01  1.78e-02  1.90e+01  1.97e+01  3.98e-16  1.20e-01 
  2500| 3.03e-01  4.37e-01  4.24e-02  8.49e+00  7.76e+00  1.51e-16  1.24e-01 
----------------------------------------------------------------------------
Status: Solved/Inaccurate
Hit max_iters, solution may be inaccurate
Timing: Solve time: 1.24e-01s
	Lin-sys: nnz in L factor: 94, avg solve time: 3.93e-07s
	Cones: avg projection time: 3.75e-05s
----------------------------------------------------------------------------
Error metrics:
dist(s, K) = 1.3306e-03, dist(y, K*) = 0.0000e+00, s'y/|s||y| = 7.7678e-14
|Ax + s - b|_2 / (1 + |b|_2) = 3.0324e-01
|A'y + c|_2 / (1 + |c|_2) = 4.3703e-01
|c'x + b'y| / (1 + |c'x| + |b'y|) = 4.2383e-02
----------------------------------------------------------------------------
c'x = 8.4938, -b'y = 7.7624
============================================================================
ProblemData was destroyed!
ProblemData was destroyed!
> result <- solve(p, verbose = TRUE, max_iters = 10000)
Before Build Matrix 1
Processing constraint 0
After constructing external ptr
Instantiating ProblemData-R6 
Before Build Matrix 1
Processing constraint 0
Processing constraint 1
Processing constraint 2
Processing constraint 3
Processing constraint 4
Processing constraint 5
Processing constraint 6
Processing constraint 7
Processing constraint 8
After constructing external ptr
Instantiating ProblemData-R6 
----------------------------------------------------------------------------
	SCS v1.2.1 - Splitting Conic Solver
	(c) Brendan O'Donoghue, Stanford University, 2012-2016
----------------------------------------------------------------------------
Lin-sys: sparse-direct, nnz in A = 37
eps = 1.00e-03, alpha = 1.50, max_iters = 10000, normalize = 1, scale = 1.00
Variables n = 22, constraints m = 35
Cones:	primal zero / dual free vars: 16
	sd vars: 13, sd blks: 2
	exp vars: 6, dual exp vars: 0
Setup time: 1.69e-04s
----------------------------------------------------------------------------
 Iter | pri res | dua res | rel gap | pri obj | dua obj | kap/tau | time (s)
----------------------------------------------------------------------------
     0|      inf       inf       nan      -inf       inf       inf  1.65e-04 
   100| 3.82e-02  5.96e-02  1.66e-02  1.46e+00  1.53e+00  2.06e-16  1.54e-03 
   200| 3.08e-02  4.78e-02  1.05e-02  1.46e+00  1.50e+00  2.63e-16  3.91e-02 
   300| 4.19e-01  1.24e-01  6.00e-01 -6.53e-01  8.45e-01  1.06e-16  4.09e-02 
   400| 4.90e-01  2.62e-01  4.03e-02  7.60e+00  8.28e+00  0.00e+00  4.70e-02 
   500| 4.70e-01  4.08e-01  1.05e-02  1.20e+01  1.18e+01  1.45e-16  5.23e-02 
   600| 4.03e-01  3.84e-01  1.97e-01 -3.41e+00 -5.33e+00  3.01e-17  5.67e-02 
   700| 4.90e-01  9.95e-01  2.38e-01 -1.42e+01 -8.52e+00  3.95e-17  6.08e-02 
   800| 4.58e-01  2.55e-01  3.00e-02  5.08e+00  5.42e+00  3.97e-17  6.52e-02 
   900| 3.01e-01  4.08e-01  9.67e-02  2.74e+00  2.17e+00  2.63e-16  6.95e-02 
  1000| 5.13e-01  3.53e-01  2.56e-01 -3.50e+00 -1.87e+00  1.72e-16  7.43e-02 
  1100| 7.76e-01  1.16e+00  4.42e-02 -1.25e+01 -1.37e+01  2.46e-16  7.81e-02 
  1200| 4.68e-01  4.28e-01  4.93e-01 -1.95e-01 -1.55e+00  4.23e-17  8.28e-02 
  1300| 4.36e-01  1.73e-01  5.73e-03  8.14e+00  8.04e+00  0.00e+00  8.60e-02 
  1400| 6.70e-01  4.79e-01  1.96e-01  4.54e+00  6.99e+00  3.90e-17  9.00e-02 
  1500| 4.93e-01  4.00e-01  2.52e-01 -2.57e+00 -4.64e+00  2.08e-16  9.41e-02 
  1600| 1.19e+00  2.43e+00  3.27e-02  2.72e+01  2.54e+01  0.00e+00  1.00e-01 
  1700| 2.65e-01  4.23e-01  1.24e-01  2.14e+00  1.56e+00  1.08e-16  1.07e-01 
  1800| 4.87e-01  1.84e-01  2.79e-01  3.40e+00  6.41e+00  1.22e-16  1.12e-01 
  1900| 4.29e-01  4.19e-01  2.27e-01 -6.21e+00 -3.73e+00  1.29e-16  1.16e-01 
  2000| 4.32e-01  2.34e-01  1.57e-03  1.03e+01  1.03e+01  4.43e-17  1.20e-01 
  2100| 2.60e-01  3.20e-01  2.07e-02  8.85e+00  9.25e+00  6.03e-17  1.24e-01 
  2200| 1.45e+01  2.18e+01  1.27e-01  2.04e+02  2.64e+02  3.82e-15  1.29e-01 
  2300| 7.85e-01  3.88e-01  2.90e-01 -2.30e+00 -4.60e+00  0.00e+00  1.34e-01 
  2400| 5.86e-01  5.14e-01  1.78e-02  1.90e+01  1.97e+01  3.98e-16  1.38e-01 
  2500| 2.77e-01  4.47e-01  3.74e-02  6.80e+00  6.27e+00  1.48e-16  1.43e-01 
  2600| 1.81e-01  2.39e-01  1.27e-01  1.12e+01  8.56e+00  2.89e-16  1.48e-01 
  2700| 4.76e-01  4.13e-01  1.97e-01 -2.59e+00 -1.57e+00  2.09e-16  1.53e-01 
  2800| 6.69e-01  4.19e-01  2.28e-01 -3.35e+00 -5.64e+00  2.51e-16  1.57e-01 
  2900| 3.06e+00  1.38e+00  1.59e-01 -1.35e+01 -1.88e+01  0.00e+00  1.61e-01 
  3000| 5.39e-01  3.20e-01  4.81e-02 -1.81e+00 -2.04e+00  1.64e-16  1.65e-01 
  3100| 5.85e-01  5.06e-01  4.82e-02  2.19e+01  1.98e+01  1.87e-16  1.69e-01 
  3200| 1.22e+00  4.34e-01  1.32e-01 -8.07e+00 -1.07e+01  5.06e-17  1.74e-01 
  3300| 1.60e+00  7.97e-01  1.51e-01 -8.66e+00 -1.19e+01  0.00e+00  1.80e-01 
  3400| 2.80e-01  3.11e-01  4.74e-02  1.25e+01  1.13e+01  5.06e-16  1.84e-01 
  3500| 3.73e-01  4.17e-01  6.29e-02  1.40e+01  1.23e+01  6.59e-17  1.89e-01 
  3600| 2.35e-01  4.31e-01  2.03e-02  8.59e+00  8.23e+00  7.27e-17  1.94e-01 
  3700| 4.97e-01  4.18e-01  5.38e-02 -5.11e+00 -4.54e+00  5.96e-17  1.98e-01 
  3800|      inf       inf       nan      -inf      -inf       inf  2.03e-01 
  3900| 3.24e-01  3.59e-01  2.22e-01 -7.52e-01 -1.47e+00  1.36e-16  2.08e-01 
  4000| 4.78e-01  8.27e-01  3.58e-01 -4.95e+00 -2.08e+00  1.10e-16  2.12e-01 
  4100| 1.98e+02  9.50e+01  5.28e-01 -2.03e+02 -6.57e+02  0.00e+00  2.16e-01 
  4200| 2.64e+00  7.25e+00  7.65e-02 -7.62e+00 -8.96e+00  0.00e+00  2.20e-01 
  4300| 2.31e+00  6.52e+00  2.09e-02 -7.28e+01 -6.98e+01  0.00e+00  2.25e-01 
  4400| 4.49e-01  4.89e-01  1.63e-01 -2.82e+00 -4.11e+00  1.61e-16  2.28e-01 
  4500| 1.37e+01  2.39e+01  5.47e-02  2.36e+02  2.64e+02  3.21e-15  2.32e-01 
  4600| 4.59e-01  4.65e-01  1.25e-02  1.72e+01  1.68e+01  1.29e-16  2.36e-01 
  4700| 6.33e-01  4.88e-01  8.75e-02  1.78e+01  2.13e+01  1.93e-16  2.40e-01 
  4800| 3.94e+00  2.22e+00  5.09e-01 -2.52e+01 -7.85e+00  1.61e-15  2.43e-01 
  4900| 5.04e-01  4.06e-01  3.16e-01 -2.31e+00 -9.60e-01  1.82e-16  2.48e-01 
  5000| 1.32e+00  3.40e+00  1.37e-01  4.34e+00  3.17e+00  0.00e+00  2.52e-01 
  5100| 1.04e+00  2.38e+00  4.31e-02  1.85e+01  1.69e+01  0.00e+00  2.56e-01 
  5200|      inf       inf       nan       inf       inf       inf  2.60e-01 
  5300| 2.87e-01  3.94e-01  9.49e-02  2.12e+00  1.67e+00  1.89e-16  2.64e-01 
  5400| 2.93e-01  3.83e-01  1.50e-01  1.36e+00  8.76e-01  9.46e-17  2.68e-01 
  5500| 2.19e-01  3.65e-01  1.90e-01  5.72e-01  2.30e-01  2.10e-16  2.72e-01 
  5600| 3.30e-01  3.44e-01  6.45e-02 -3.65e+00 -4.22e+00  9.50e-17  2.77e-01 
  5700| 7.39e-01  2.77e+00  5.01e-01  5.47e+00  1.75e+01  7.04e-17  2.80e-01 
  5800| 1.18e+00  1.78e+00  2.26e-02  2.92e+01  2.78e+01  1.63e-16  2.84e-01 
  5900| 4.33e-01  3.60e-01  6.01e-01 -7.89e-01  7.17e-01  1.56e-16  2.88e-01 
  6000| 5.56e-01  4.22e-01  6.18e-02  1.63e+01  1.43e+01  0.00e+00  2.92e-01 
  6100| 4.22e-01  2.95e-01  1.56e-02  9.11e+00  9.42e+00  1.02e-16  2.97e-01 
  6200| 2.87e-01  3.49e-01  1.23e-01  3.02e+00  2.25e+00  1.14e-16  3.01e-01 
  6300| 5.08e-01  3.25e-01  2.41e-01 -3.73e+00 -2.09e+00  1.26e-16  3.05e-01 
  6400| 3.71e+00  1.10e+00  2.28e-01 -1.75e+01 -2.81e+01  0.00e+00  3.09e-01 
  6500| 4.48e-01  4.02e-01  1.46e-01 -6.44e+00 -4.67e+00  2.23e-16  3.14e-01 
  6600| 1.22e+01  6.51e+00  1.05e-04 -5.45e+01 -5.46e+01  9.47e-16  3.20e-01 
  6700|      inf       inf       nan      -inf      -inf       inf  3.25e-01 
  6800| 7.09e-01  3.60e-01  7.20e-01  1.77e-01 -2.39e+00  1.24e-16  3.30e-01 
  6900| 1.21e+00  2.01e+00  6.33e-03 -2.01e+01 -2.04e+01  0.00e+00  3.34e-01 
  7000| 1.05e+00  1.20e+00  2.71e-02  1.11e+01  1.05e+01  4.32e-16  3.39e-01 
  7100| 3.56e-01  4.22e-01  1.91e-02  7.53e+00  7.84e+00  3.61e-17  3.43e-01 
  7200| 5.04e-01  3.86e-01  7.53e-02 -2.05e+00 -1.69e+00  3.79e-17  3.47e-01 
  7300| 4.18e-01  2.08e-01  3.43e-01 -1.21e+00 -2.99e+00  1.92e-17  3.53e-01 
  7400| 4.66e-01  2.33e-01  1.16e-01  5.30e+00  6.82e+00  3.24e-16  3.59e-01 
  7500| 4.71e-01  2.94e-01  1.10e-02  1.47e+01  1.50e+01  3.06e-16  3.63e-01 
  7600| 4.01e-01  3.38e-01  1.74e-01 -2.04e+00 -3.11e+00  1.23e-16  3.67e-01 
  7700| 1.38e+00  4.68e-01  3.67e-01 -4.03e+00 -9.27e+00  1.50e-16  3.72e-01 
  7800| 5.62e-01  3.53e-01  8.00e-02  1.84e+01  1.56e+01  0.00e+00  3.77e-01 
  7900| 3.06e-01  3.84e-01  1.15e-01  1.87e+00  1.38e+00  1.65e-16  3.81e-01 
  8000| 1.30e+01  2.93e+00  1.29e-01 -5.26e+01 -6.84e+01  1.23e-15  3.86e-01 
  8100| 8.15e-01  6.27e-01  2.40e-01  4.29e+00  7.30e+00  5.33e-17  3.90e-01 
  8200| 1.83e-01  4.25e-01  1.84e-02  8.89e+00  8.55e+00  9.31e-17  3.94e-01 
  8300| 1.61e-01  2.15e-01  4.25e-02  4.54e+00  4.13e+00  9.75e-17  3.99e-01 
  8400| 4.39e-01  3.58e-01  5.60e-02  8.05e+00  9.07e+00  1.05e-16  4.03e-01 
  8500| 4.75e-01  4.38e-01  4.23e-02 -2.02e+00 -1.82e+00  1.88e-16  4.07e-01 
  8600| 5.16e-01  2.74e-01  1.09e-01 -9.82e-01 -6.90e-01  1.88e-16  4.11e-01 
  8700| 4.64e-01  2.75e-01  2.65e-02  1.27e+01  1.34e+01  1.80e-16  4.14e-01 
  8800| 1.84e-01  4.34e-01  2.47e-02  8.07e+00  7.65e+00  2.29e-17  4.18e-01 
  8900| 9.62e-01  4.06e-01  1.11e-01 -7.07e+00 -8.96e+00  1.55e-16  4.23e-01 
  9000| 4.61e-01  1.80e-01  7.89e-03  4.43e+00  4.35e+00  1.36e-16  4.28e-01 
  9100|      inf       inf       nan       inf       inf       inf  4.31e-01 
  9200| 6.62e-01  5.78e-01  2.05e-02  2.10e+01  2.19e+01  1.24e-16  4.35e-01 
  9300| 2.84e-01  4.27e-01  9.20e-02  3.14e+00  2.53e+00  1.75e-16  4.40e-01 
  9400| 5.07e-01  3.77e-01  7.47e-02 -4.89e+00 -4.14e+00  8.05e-17  4.45e-01 
  9500| 4.96e-01  5.88e-01  8.36e-02  1.19e+01  1.00e+01  6.71e-17  4.48e-01 
  9600| 4.31e-01  3.36e-01  4.62e-01 -2.30e+00 -5.29e-01  2.23e-16  4.52e-01 
  9700| 3.21e-01  3.07e-01  1.34e-01 -2.08e+00 -2.88e+00  2.09e-16  4.56e-01 
  9800| 9.85e-01  4.12e-01  3.71e-01 -3.66e+00 -8.55e+00  1.43e-16  4.61e-01 
  9900| 4.49e-01  3.94e-01  2.34e-02  1.23e+01  1.30e+01  1.16e-16  4.65e-01 
 10000| 4.24e-01  4.14e-01  1.89e-02  1.11e+01  1.16e+01  1.68e-16  4.70e-01 
----------------------------------------------------------------------------
Status: Solved/Inaccurate
Hit max_iters, solution may be inaccurate
Timing: Solve time: 4.70e-01s
	Lin-sys: nnz in L factor: 94, avg solve time: 4.15e-07s
	Cones: avg projection time: 4.23e-05s
----------------------------------------------------------------------------
Error metrics:
dist(s, K) = 2.1470e-12, dist(y, K*) = 0.0000e+00, s'y/|s||y| = 1.6070e-12
|Ax + s - b|_2 / (1 + |b|_2) = 4.2379e-01
|A'y + c|_2 / (1 + |c|_2) = 4.1432e-01
|c'x + b'y| / (1 + |c'x| + |b'y|) = 1.8946e-02
----------------------------------------------------------------------------
c'x = 11.1468, -b'y = 11.5966
============================================================================
> get_problem_data(p, "SCS")
Before Build Matrix 1
Processing constraint 0
After constructing external ptr
Instantiating ProblemData-R6 
Before Build Matrix 1
Processing constraint 0
Processing constraint 1
Processing constraint 2
Processing constraint 3
Processing constraint 4
Processing constraint 5
Processing constraint 6
Processing constraint 7
Processing constraint 8
After constructing external ptr
Instantiating ProblemData-R6 
$c
 [1]  0  0  0  0  0  0  0  0  0  0  0  0  0  0  0  0  0  0  0  0 -1 -1

$offset
[1] 0

$A
35 x 22 sparse Matrix of class "dgCMatrix"
                                                                      
 [1,]  .  .         .  .  .  .         .         .         .  .       
 [2,]  .  .         .  .  .  .         .         .         .  .       
 [3,]  .  .         .  .  .  .         .         .         .  .       
 [4,]  .  .         .  .  .  .         .         .         1  .       
 [5,]  .  .         .  .  .  .         .         .         .  .       
 [6,]  .  .         .  .  .  .         .         .         .  .       
 [7,]  .  .         .  .  .  .         .         .         .  .       
 [8,]  .  .         .  .  .  .         .         .         .  .       
 [9,]  .  .         .  .  .  .         .         .         .  .       
[10,]  .  .         .  .  .  .         .         .         .  .       
[11,]  .  .         .  .  .  .         .         .         .  .       
[12,] -1  .         .  .  .  .         .         .         .  .       
[13,]  . -1.000000  .  .  .  .         .         .         .  .       
[14,]  .  .        -1  .  .  .         .         .         .  .       
[15,]  .  .         . -1  .  .         .         .         .  .       
[16,]  . -1.000000  1  .  .  .         .         .         .  .       
[17,]  .  .         .  . -1  .         .         .         .  .       
[18,]  .  .         .  .  . -1.414214  .         .         .  .       
[19,]  .  .         .  .  .  .        -1.414214  .         .  .       
[20,]  .  .         .  .  .  .         .        -1.414214  .  .       
[21,]  .  .         .  .  .  .         .         .        -1  .       
[22,]  .  .         .  .  .  .         .         .         . -1.414214
[23,]  .  .         .  .  .  .         .         .         .  .       
[24,]  .  .         .  .  .  .         .         .         .  .       
[25,]  .  .         .  .  .  .         .         .         .  .       
[26,]  .  .         .  .  .  .         .         .         .  .       
[27,] -1  .         .  .  .  .         .         .         .  .       
[28,]  . -1.414214  .  .  .  .         .         .         .  .       
[29,]  .  .         . -1  .  .         .         .         .  .       
[30,]  .  .         .  .  .  .         .         .         .  .       
[31,]  .  .         .  .  .  .         .         .         .  .       
[32,]  .  .         .  .  .  .         .         .         .  .       
[33,]  .  .         .  .  .  .         .         .         .  .       
[34,]  .  .         .  .  .  .         .         .         .  .       
[35,]  .  .         .  .  .  .         .         .         .  .       
                                                       
 [1,]  .         .  .         .  .  1  .  .  .  .  .  .
 [2,]  .         .  .         . -1  .  .  .  1  .  .  .
 [3,]  .         .  .         .  .  .  . -1  .  1  .  .
 [4,]  .         .  .         .  .  .  .  . -1  .  .  .
 [5,]  .         .  .         .  .  .  .  .  .  .  .  .
 [6,]  .         .  .         .  .  .  .  .  .  .  .  .
 [7,]  .         .  .         .  .  .  .  .  . -1  .  .
 [8,]  1.000000  .  .         . -1  .  .  .  .  .  .  .
 [9,]  .         .  .         .  . -1  .  .  .  .  .  .
[10,]  .         .  .         .  .  . -1  .  .  .  .  .
[11,]  .         .  .         .  .  .  . -1  .  .  .  .
[12,]  .         .  .         1  .  .  .  .  .  .  .  .
[13,]  .         .  .         .  .  .  .  .  .  .  .  .
[14,]  .         .  .         .  .  .  .  .  .  .  .  .
[15,]  .         .  .         .  .  .  .  .  .  .  .  .
[16,]  .         .  .         .  .  .  .  .  .  .  .  .
[17,]  .         .  .         .  .  .  .  .  .  .  .  .
[18,]  .         .  .         .  .  .  .  .  .  .  .  .
[19,]  .         .  .         .  .  .  .  .  .  .  .  .
[20,]  .         .  .         .  .  .  .  .  .  .  .  .
[21,]  .         .  .         .  .  .  .  .  .  .  .  .
[22,]  .         .  .         .  .  .  .  .  .  .  .  .
[23,] -1.414214  .  .         .  .  .  .  .  .  .  .  .
[24,]  .        -1  .         .  .  .  .  .  .  .  .  .
[25,]  .         . -1.414214  .  .  .  .  .  .  .  .  .
[26,]  .         .  .        -1  .  .  .  .  .  .  .  .
[27,]  .         .  .         .  .  .  .  .  .  .  .  .
[28,]  .         .  .         .  .  .  .  .  .  .  .  .
[29,]  .         .  .         .  .  .  .  .  .  .  .  .
[30,]  .         .  .         .  .  .  .  .  .  . -1  .
[31,]  .         .  .         .  .  .  .  .  .  .  .  .
[32,]  .         .  .         .  .  .  .  . -1  .  .  .
[33,]  .         .  .         .  .  .  .  .  .  .  . -1
[34,]  .         .  .         .  .  .  .  .  .  .  .  .
[35,]  .         .  .         .  .  .  .  .  . -1  .  .

$b
 [1] 0 0 0 0 0 0 0 0 0 0 0 0 0 0 0 0 0 0 0 0 0 0 0 0 0 0 0 0 0 0 1 0 0 1 0

$G
ProblemData was destroyed!
ProblemData was destroyed!
0 x 22 sparse Matrix of class "ngCMatrix"
                          

$h
numeric(0)

$dims
$dims$f
[1] 16

$dims$l
[1] 0

$dims$ep
[1] 2

$dims$s
[1] 4 2


$bool_vars_idx
list()

$int_vars_idx
list()

> vstack
function (operators, size) 
{
    LinOp(VSTACK, size, operators)
}
<environment: namespace:cvxr>
> library(scs)
> ?scs
> ?scs
> result <- solve(p, solver="SCS", verbose = TRUE, scale = 1)
Before Build Matrix 1
Processing constraint 0
After constructing external ptr
Instantiating ProblemData-R6 
Before Build Matrix 1
Processing constraint 0
Processing constraint 1
Processing constraint 2
Processing constraint 3
Processing constraint 4
Processing constraint 5
Processing constraint 6
Processing constraint 7
Processing constraint 8
After constructing external ptr
Instantiating ProblemData-R6 
----------------------------------------------------------------------------
	SCS v1.2.1 - Splitting Conic Solver
	(c) Brendan O'Donoghue, Stanford University, 2012-2016
----------------------------------------------------------------------------
Lin-sys: sparse-direct, nnz in A = 37
eps = 1.00e-03, alpha = 1.50, max_iters = 2500, normalize = 1, scale = 1.00
Variables n = 22, constraints m = 35
Cones:	primal zero / dual free vars: 16
	sd vars: 13, sd blks: 2
	exp vars: 6, dual exp vars: 0
Setup time: 2.10e-04s
----------------------------------------------------------------------------
 Iter | pri res | dua res | rel gap | pri obj | dua obj | kap/tau | time (s)
----------------------------------------------------------------------------
     0|      inf       inf       nan      -inf       inf       inf  1.91e-03 
   100| 3.82e-02  5.96e-02  1.66e-02  1.46e+00  1.53e+00  2.06e-16  3.90e-03 
   200| 3.08e-02  4.78e-02  1.05e-02  1.46e+00  1.50e+00  2.63e-16  5.47e-03 
   300| 4.19e-01  1.24e-01  6.00e-01 -6.53e-01  8.45e-01  1.06e-16  7.01e-03 
   400| 4.90e-01  2.62e-01  4.03e-02  7.60e+00  8.28e+00  0.00e+00  1.25e-02 
   500| 4.70e-01  4.08e-01  1.05e-02  1.20e+01  1.18e+01  1.45e-16  1.70e-02 
   600| 4.03e-01  3.84e-01  1.97e-01 -3.41e+00 -5.33e+00  3.01e-17  2.11e-02 
   700| 4.90e-01  9.95e-01  2.38e-01 -1.42e+01 -8.52e+00  3.95e-17  2.50e-02 
   800| 4.58e-01  2.55e-01  3.00e-02  5.08e+00  5.42e+00  3.97e-17  2.93e-02 
   900| 3.01e-01  4.08e-01  9.67e-02  2.74e+00  2.17e+00  2.63e-16  3.36e-02 
  1000| 5.13e-01  3.53e-01  2.56e-01 -3.50e+00 -1.87e+00  1.72e-16  3.82e-02 
  1100| 7.76e-01  1.16e+00  4.42e-02 -1.25e+01 -1.37e+01  2.46e-16  4.18e-02 
  1200| 4.68e-01  4.28e-01  4.93e-01 -1.95e-01 -1.55e+00  4.23e-17  4.64e-02 
  1300| 4.36e-01  1.73e-01  5.73e-03  8.14e+00  8.04e+00  0.00e+00  4.94e-02 
  1400| 6.70e-01  4.79e-01  1.96e-01  4.54e+00  6.99e+00  3.90e-17  5.32e-02 
  1500| 4.93e-01  4.00e-01  2.52e-01 -2.57e+00 -4.64e+00  2.08e-16  5.73e-02 
  1600| 1.19e+00  2.43e+00  3.27e-02  2.72e+01  2.54e+01  0.00e+00  6.16e-02 
  1700| 2.65e-01  4.23e-01  1.24e-01  2.14e+00  1.56e+00  1.08e-16  6.64e-02 
  1800| 4.87e-01  1.84e-01  2.79e-01  3.40e+00  6.41e+00  1.22e-16  7.08e-02 
  1900| 4.29e-01  4.19e-01  2.27e-01 -6.21e+00 -3.73e+00  1.29e-16  7.45e-02 
  2000| 4.32e-01  2.34e-01  1.57e-03  1.03e+01  1.03e+01  4.43e-17  7.83e-02 
  2100| 2.60e-01  3.20e-01  2.07e-02  8.85e+00  9.25e+00  6.03e-17  8.30e-02 
  2200| 1.45e+01  2.18e+01  1.27e-01  2.04e+02  2.64e+02  3.82e-15  8.74e-02 
  2300| 7.85e-01  3.88e-01  2.90e-01 -2.30e+00 -4.60e+00  0.00e+00  9.40e-02 
  2400| 5.86e-01  5.14e-01  1.78e-02  1.90e+01  1.97e+01  3.98e-16  9.94e-02 
  2500| 3.03e-01  4.37e-01  4.24e-02  8.49e+00  7.76e+00  1.51e-16  1.05e-01 
----------------------------------------------------------------------------
Status: Solved/Inaccurate
Hit max_iters, solution may be inaccurate
Timing: Solve time: 1.05e-01s
	Lin-sys: nnz in L factor: 94, avg solve time: 4.36e-07s
	Cones: avg projection time: 4.01e-05s
----------------------------------------------------------------------------
Error metrics:
dist(s, K) = 1.3306e-03, dist(y, K*) = 0.0000e+00, s'y/|s||y| = 7.7678e-14
|Ax + s - b|_2 / (1 + |b|_2) = 3.0324e-01
|A'y + c|_2 / (1 + |c|_2) = 4.3703e-01
|c'x + b'y| / (1 + |c'x| + |b'y|) = 4.2383e-02
----------------------------------------------------------------------------
c'x = 8.4938, -b'y = 7.7624
============================================================================
> ?scs
> result <- solve(p, solver="SCS", verbose = TRUE, scale = 1, cg_rate=2.0)
Before Build Matrix 1
Processing constraint 0
After constructing external ptr
Instantiating ProblemData-R6 
ProblemData was destroyed!
ProblemData was destroyed!
ProblemData was destroyed!
Before Build Matrix 1
Processing constraint 0
Processing constraint 1
Processing constraint 2
Processing constraint 3
Processing constraint 4
Processing constraint 5
Processing constraint 6
Processing constraint 7
Processing constraint 8
After constructing external ptr
Instantiating ProblemData-R6 
----------------------------------------------------------------------------
	SCS v1.2.1 - Splitting Conic Solver
	(c) Brendan O'Donoghue, Stanford University, 2012-2016
----------------------------------------------------------------------------
Lin-sys: sparse-direct, nnz in A = 37
eps = 1.00e-03, alpha = 1.50, max_iters = 2500, normalize = 1, scale = 1.00
Variables n = 22, constraints m = 35
Cones:	primal zero / dual free vars: 16
	sd vars: 13, sd blks: 2
	exp vars: 6, dual exp vars: 0
Setup time: 2.24e-04s
----------------------------------------------------------------------------
 Iter | pri res | dua res | rel gap | pri obj | dua obj | kap/tau | time (s)
----------------------------------------------------------------------------
     0|      inf       inf       nan      -inf       inf       inf  2.27e-04 
   100| 3.82e-02  5.96e-02  1.66e-02  1.46e+00  1.53e+00  2.06e-16  2.21e-03 
   200| 3.08e-02  4.78e-02  1.05e-02  1.46e+00  1.50e+00  2.63e-16  3.69e-03 
   300| 4.19e-01  1.24e-01  6.00e-01 -6.53e-01  8.45e-01  1.06e-16  4.59e-02 
   400| 4.90e-01  2.62e-01  4.03e-02  7.60e+00  8.28e+00  0.00e+00  5.23e-02 
   500| 4.70e-01  4.08e-01  1.05e-02  1.20e+01  1.18e+01  1.45e-16  5.81e-02 
   600| 4.03e-01  3.84e-01  1.97e-01 -3.41e+00 -5.33e+00  3.01e-17  6.33e-02 
   700| 4.90e-01  9.95e-01  2.38e-01 -1.42e+01 -8.52e+00  3.95e-17  6.76e-02 
   800| 4.58e-01  2.55e-01  3.00e-02  5.08e+00  5.42e+00  3.97e-17  7.18e-02 
   900| 3.01e-01  4.08e-01  9.67e-02  2.74e+00  2.17e+00  2.63e-16  7.59e-02 
  1000| 5.13e-01  3.53e-01  2.56e-01 -3.50e+00 -1.87e+00  1.72e-16  8.04e-02 
  1100| 7.76e-01  1.16e+00  4.42e-02 -1.25e+01 -1.37e+01  2.46e-16  8.40e-02 
  1200| 4.68e-01  4.28e-01  4.93e-01 -1.95e-01 -1.55e+00  4.23e-17  8.86e-02 
  1300| 4.36e-01  1.73e-01  5.73e-03  8.14e+00  8.04e+00  0.00e+00  9.26e-02 
  1400| 6.70e-01  4.79e-01  1.96e-01  4.54e+00  6.99e+00  3.90e-17  9.82e-02 
  1500| 4.93e-01  4.00e-01  2.52e-01 -2.57e+00 -4.64e+00  2.08e-16  1.03e-01 
  1600| 1.19e+00  2.43e+00  3.27e-02  2.72e+01  2.54e+01  0.00e+00  1.08e-01 
  1700| 2.65e-01  4.23e-01  1.24e-01  2.14e+00  1.56e+00  1.08e-16  1.13e-01 
  1800| 4.87e-01  1.84e-01  2.79e-01  3.40e+00  6.41e+00  1.22e-16  1.17e-01 
  1900| 4.29e-01  4.19e-01  2.27e-01 -6.21e+00 -3.73e+00  1.29e-16  1.21e-01 
  2000| 4.32e-01  2.34e-01  1.57e-03  1.03e+01  1.03e+01  4.43e-17  1.25e-01 
  2100| 2.60e-01  3.20e-01  2.07e-02  8.85e+00  9.25e+00  6.03e-17  1.32e-01 
  2200| 1.45e+01  2.18e+01  1.27e-01  2.04e+02  2.64e+02  3.82e-15  1.37e-01 
  2300| 7.85e-01  3.88e-01  2.90e-01 -2.30e+00 -4.60e+00  0.00e+00  1.42e-01 
  2400| 5.86e-01  5.14e-01  1.78e-02  1.90e+01  1.97e+01  3.98e-16  1.46e-01 
  2500| 3.03e-01  4.37e-01  4.24e-02  8.49e+00  7.76e+00  1.51e-16  1.51e-01 
----------------------------------------------------------------------------
Status: Solved/Inaccurate
Hit max_iters, solution may be inaccurate
Timing: Solve time: 1.51e-01s
	Lin-sys: nnz in L factor: 94, avg solve time: 4.73e-07s
	Cones: avg projection time: 4.30e-05s
----------------------------------------------------------------------------
Error metrics:
dist(s, K) = 1.3306e-03, dist(y, K*) = 0.0000e+00, s'y/|s||y| = 7.7678e-14
|Ax + s - b|_2 / (1 + |b|_2) = 3.0324e-01
|A'y + c|_2 / (1 + |c|_2) = 4.3703e-01
|c'x + b'y| / (1 + |c'x| + |b'y|) = 4.2383e-02
----------------------------------------------------------------------------
c'x = 8.4938, -b'y = 7.7624
============================================================================
> result <- solve(p, solver="SCS", verbose = TRUE, scale = 1, cg_rate=2.0, max_iters = 10000)
Before Build Matrix 1
Processing constraint 0
After constructing external ptr
Instantiating ProblemData-R6 
Before Build Matrix 1
Processing constraint 0
Processing constraint 1
Processing constraint 2
Processing constraint 3
Processing constraint 4
Processing constraint 5
Processing constraint 6
Processing constraint 7
Processing constraint 8
After constructing external ptr
Instantiating ProblemData-R6 
----------------------------------------------------------------------------
	SCS v1.2.1 - Splitting Conic Solver
	(c) Brendan O'Donoghue, Stanford University, 2012-2016
----------------------------------------------------------------------------
Lin-sys: sparse-direct, nnz in A = 37
eps = 1.00e-03, alpha = 1.50, max_iters = 10000, normalize = 1, scale = 1.00
Variables n = 22, constraints m = 35
Cones:	primal zero / dual free vars: 16
	sd vars: 13, sd blks: 2
	exp vars: 6, dual exp vars: 0
Setup time: 1.71e-04s
----------------------------------------------------------------------------
 Iter | pri res | dua res | rel gap | pri obj | dua obj | kap/tau | time (s)
----------------------------------------------------------------------------
     0|      inf       inf       nan      -inf       inf       inf  1.64e-04 
   100| 3.82e-02  5.96e-02  1.66e-02  1.46e+00  1.53e+00  2.06e-16  4.84e-02 
   200| 3.08e-02  4.78e-02  1.05e-02  1.46e+00  1.50e+00  2.63e-16  5.02e-02 
   300| 4.19e-01  1.24e-01  6.00e-01 -6.53e-01  8.45e-01  1.06e-16  5.20e-02 
   400| 4.90e-01  2.62e-01  4.03e-02  7.60e+00  8.28e+00  0.00e+00  5.77e-02 
   500| 4.70e-01  4.08e-01  1.05e-02  1.20e+01  1.18e+01  1.45e-16  6.27e-02 
   600| 4.03e-01  3.84e-01  1.97e-01 -3.41e+00 -5.33e+00  3.01e-17  6.68e-02 
   700| 4.90e-01  9.95e-01  2.38e-01 -1.42e+01 -8.52e+00  3.95e-17  7.07e-02 
   800| 4.58e-01  2.55e-01  3.00e-02  5.08e+00  5.42e+00  3.97e-17  7.48e-02 
   900| 3.01e-01  4.08e-01  9.67e-02  2.74e+00  2.17e+00  2.63e-16  7.89e-02 
  1000| 5.13e-01  3.53e-01  2.56e-01 -3.50e+00 -1.87e+00  1.72e-16  8.34e-02 
  1100| 7.76e-01  1.16e+00  4.42e-02 -1.25e+01 -1.37e+01  2.46e-16  8.70e-02 
  1200| 4.68e-01  4.28e-01  4.93e-01 -1.95e-01 -1.55e+00  4.23e-17  9.15e-02 
  1300| 4.36e-01  1.73e-01  5.73e-03  8.14e+00  8.04e+00  0.00e+00  9.46e-02 
  1400| 6.70e-01  4.79e-01  1.96e-01  4.54e+00  6.99e+00  3.90e-17  9.85e-02 
  1500| 4.93e-01  4.00e-01  2.52e-01 -2.57e+00 -4.64e+00  2.08e-16  1.02e-01 
  1600| 1.19e+00  2.43e+00  3.27e-02  2.72e+01  2.54e+01  0.00e+00  1.07e-01 
  1700| 2.65e-01  4.23e-01  1.24e-01  2.14e+00  1.56e+00  1.08e-16  1.12e-01 
  1800| 4.87e-01  1.84e-01  2.79e-01  3.40e+00  6.41e+00  1.22e-16  1.16e-01 
  1900| 4.29e-01  4.19e-01  2.27e-01 -6.21e+00 -3.73e+00  1.29e-16  1.21e-01 
  2000| 4.32e-01  2.34e-01  1.57e-03  1.03e+01  1.03e+01  4.43e-17  1.25e-01 
  2100| 2.60e-01  3.20e-01  2.07e-02  8.85e+00  9.25e+00  6.03e-17  1.30e-01 
  2200| 1.45e+01  2.18e+01  1.27e-01  2.04e+02  2.64e+02  3.82e-15  1.34e-01 
  2300| 7.85e-01  3.88e-01  2.90e-01 -2.30e+00 -4.60e+00  0.00e+00  1.39e-01 
  2400| 5.86e-01  5.14e-01  1.78e-02  1.90e+01  1.97e+01  3.98e-16  1.43e-01 
  2500| 2.77e-01  4.47e-01  3.74e-02  6.80e+00  6.27e+00  1.48e-16  1.48e-01 
  2600| 1.81e-01  2.39e-01  1.27e-01  1.12e+01  8.56e+00  2.89e-16  1.53e-01 
  2700| 4.76e-01  4.13e-01  1.97e-01 -2.59e+00 -1.57e+00  2.09e-16  1.58e-01 
  2800| 6.69e-01  4.19e-01  2.28e-01 -3.35e+00 -5.64e+00  2.51e-16  1.63e-01 
  2900| 3.06e+00  1.38e+00  1.59e-01 -1.35e+01 -1.88e+01  0.00e+00  1.66e-01 
  3000| 5.39e-01  3.20e-01  4.81e-02 -1.81e+00 -2.04e+00  1.64e-16  1.71e-01 
  3100| 5.85e-01  5.06e-01  4.82e-02  2.19e+01  1.98e+01  1.87e-16  1.75e-01 
  3200| 1.22e+00  4.34e-01  1.32e-01 -8.07e+00 -1.07e+01  5.06e-17  1.80e-01 
  3300| 1.60e+00  7.97e-01  1.51e-01 -8.66e+00 -1.19e+01  0.00e+00  1.86e-01 
  3400| 2.80e-01  3.11e-01  4.74e-02  1.25e+01  1.13e+01  5.06e-16  1.91e-01 
  3500| 3.73e-01  4.17e-01  6.29e-02  1.40e+01  1.23e+01  6.59e-17  1.95e-01 
  3600| 2.35e-01  4.31e-01  2.03e-02  8.59e+00  8.23e+00  7.27e-17  1.99e-01 
  3700| 4.97e-01  4.18e-01  5.38e-02 -5.11e+00 -4.54e+00  5.96e-17  2.04e-01 
  3800|      inf       inf       nan      -inf      -inf       inf  2.09e-01 
  3900| 3.24e-01  3.59e-01  2.22e-01 -7.52e-01 -1.47e+00  1.36e-16  2.13e-01 
  4000| 4.78e-01  8.27e-01  3.58e-01 -4.95e+00 -2.08e+00  1.10e-16  2.17e-01 
  4100| 1.98e+02  9.50e+01  5.28e-01 -2.03e+02 -6.57e+02  0.00e+00  2.21e-01 
  4200| 2.64e+00  7.25e+00  7.65e-02 -7.62e+00 -8.96e+00  0.00e+00  2.26e-01 
  4300| 2.31e+00  6.52e+00  2.09e-02 -7.28e+01 -6.98e+01  0.00e+00  2.31e-01 
  4400| 4.49e-01  4.89e-01  1.63e-01 -2.82e+00 -4.11e+00  1.61e-16  2.34e-01 
  4500| 1.37e+01  2.39e+01  5.47e-02  2.36e+02  2.64e+02  3.21e-15  2.38e-01 
  4600| 4.59e-01  4.65e-01  1.25e-02  1.72e+01  1.68e+01  1.29e-16  2.41e-01 
  4700| 6.33e-01  4.88e-01  8.75e-02  1.78e+01  2.13e+01  1.93e-16  2.46e-01 
  4800| 3.94e+00  2.22e+00  5.09e-01 -2.52e+01 -7.85e+00  1.61e-15  2.52e-01 
  4900| 5.04e-01  4.06e-01  3.16e-01 -2.31e+00 -9.60e-01  1.82e-16  2.58e-01 
  5000| 1.32e+00  3.40e+00  1.37e-01  4.34e+00  3.17e+00  0.00e+00  2.62e-01 
  5100| 1.04e+00  2.38e+00  4.31e-02  1.85e+01  1.69e+01  0.00e+00  2.66e-01 
  5200|      inf       inf       nan       inf       inf       inf  2.70e-01 
  5300| 2.87e-01  3.94e-01  9.49e-02  2.12e+00  1.67e+00  1.89e-16  2.74e-01 
  5400| 2.93e-01  3.83e-01  1.50e-01  1.36e+00  8.76e-01  9.46e-17  2.79e-01 
  5500| 2.19e-01  3.65e-01  1.90e-01  5.72e-01  2.30e-01  2.10e-16  2.83e-01 
  5600| 3.30e-01  3.44e-01  6.45e-02 -3.65e+00 -4.22e+00  9.50e-17  2.87e-01 
  5700| 7.39e-01  2.77e+00  5.01e-01  5.47e+00  1.75e+01  7.04e-17  2.91e-01 
  5800| 1.18e+00  1.78e+00  2.26e-02  2.92e+01  2.78e+01  1.63e-16  2.95e-01 
  5900| 4.33e-01  3.60e-01  6.01e-01 -7.89e-01  7.17e-01  1.56e-16  2.98e-01 
  6000| 5.56e-01  4.22e-01  6.18e-02  1.63e+01  1.43e+01  0.00e+00  3.03e-01 
  6100| 4.22e-01  2.95e-01  1.56e-02  9.11e+00  9.42e+00  1.02e-16  3.08e-01 
  6200| 2.87e-01  3.49e-01  1.23e-01  3.02e+00  2.25e+00  1.14e-16  3.14e-01 
  6300| 5.08e-01  3.25e-01  2.41e-01 -3.73e+00 -2.09e+00  1.26e-16  3.19e-01 
  6400| 3.71e+00  1.10e+00  2.28e-01 -1.75e+01 -2.81e+01  0.00e+00  3.23e-01 
  6500| 4.48e-01  4.02e-01  1.46e-01 -6.44e+00 -4.67e+00  2.23e-16  3.27e-01 
  6600| 1.22e+01  6.51e+00  1.05e-04 -5.45e+01 -5.46e+01  9.47e-16  3.32e-01 
  6700|      inf       inf       nan      -inf      -inf       inf  3.36e-01 
  6800| 7.09e-01  3.60e-01  7.20e-01  1.77e-01 -2.39e+00  1.24e-16  3.41e-01 
  6900| 1.21e+00  2.01e+00  6.33e-03 -2.01e+01 -2.04e+01  0.00e+00  3.45e-01 
  7000| 1.05e+00  1.20e+00  2.71e-02  1.11e+01  1.05e+01  4.32e-16  3.49e-01 
  7100| 3.56e-01  4.22e-01  1.91e-02  7.53e+00  7.84e+00  3.61e-17  3.53e-01 
  7200| 5.04e-01  3.86e-01  7.53e-02 -2.05e+00 -1.69e+00  3.79e-17  3.57e-01 
  7300| 4.18e-01  2.08e-01  3.43e-01 -1.21e+00 -2.99e+00  1.92e-17  3.61e-01 
  7400| 4.66e-01  2.33e-01  1.16e-01  5.30e+00  6.82e+00  3.24e-16  3.65e-01 
  7500| 4.71e-01  2.94e-01  1.10e-02  1.47e+01  1.50e+01  3.06e-16  3.72e-01 
  7600| 4.01e-01  3.38e-01  1.74e-01 -2.04e+00 -3.11e+00  1.23e-16  3.78e-01 
  7700| 1.38e+00  4.68e-01  3.67e-01 -4.03e+00 -9.27e+00  1.50e-16  3.83e-01 
  7800| 5.62e-01  3.53e-01  8.00e-02  1.84e+01  1.56e+01  0.00e+00  3.88e-01 
  7900| 3.06e-01  3.84e-01  1.15e-01  1.87e+00  1.38e+00  1.65e-16  3.93e-01 
  8000| 1.30e+01  2.93e+00  1.29e-01 -5.26e+01 -6.84e+01  1.23e-15  3.98e-01 
  8100| 8.15e-01  6.27e-01  2.40e-01  4.29e+00  7.30e+00  5.33e-17  4.03e-01 
  8200| 1.83e-01  4.25e-01  1.84e-02  8.89e+00  8.55e+00  9.31e-17  4.07e-01 
  8300| 1.61e-01  2.15e-01  4.25e-02  4.54e+00  4.13e+00  9.75e-17  4.11e-01 
  8400| 4.39e-01  3.58e-01  5.60e-02  8.05e+00  9.07e+00  1.05e-16  4.15e-01 
  8500| 4.75e-01  4.38e-01  4.23e-02 -2.02e+00 -1.82e+00  1.88e-16  4.19e-01 
  8600| 5.16e-01  2.74e-01  1.09e-01 -9.82e-01 -6.90e-01  1.88e-16  4.23e-01 
  8700| 4.64e-01  2.75e-01  2.65e-02  1.27e+01  1.34e+01  1.80e-16  4.27e-01 
  8800| 1.84e-01  4.34e-01  2.47e-02  8.07e+00  7.65e+00  2.29e-17  4.31e-01 
  8900| 9.62e-01  4.06e-01  1.11e-01 -7.07e+00 -8.96e+00  1.55e-16  4.35e-01 
  9000| 4.61e-01  1.80e-01  7.89e-03  4.43e+00  4.35e+00  1.36e-16  4.40e-01 
  9100|      inf       inf       nan       inf       inf       inf  4.44e-01 
  9200| 6.62e-01  5.78e-01  2.05e-02  2.10e+01  2.19e+01  1.24e-16  4.48e-01 
  9300| 2.84e-01  4.27e-01  9.20e-02  3.14e+00  2.53e+00  1.75e-16  4.52e-01 
  9400| 5.07e-01  3.77e-01  7.47e-02 -4.89e+00 -4.14e+00  8.05e-17  4.57e-01 
  9500| 4.96e-01  5.88e-01  8.36e-02  1.19e+01  1.00e+01  6.71e-17  4.61e-01 
  9600| 4.31e-01  3.36e-01  4.62e-01 -2.30e+00 -5.29e-01  2.23e-16  4.64e-01 
  9700| 3.21e-01  3.07e-01  1.34e-01 -2.08e+00 -2.88e+00  2.09e-16  4.68e-01 
  9800| 9.85e-01  4.12e-01  3.71e-01 -3.66e+00 -8.55e+00  1.43e-16  4.73e-01 
  9900| 4.49e-01  3.94e-01  2.34e-02  1.23e+01  1.30e+01  1.16e-16  4.77e-01 
 10000| 4.24e-01  4.14e-01  1.89e-02  1.11e+01  1.16e+01  1.68e-16  4.81e-01 
----------------------------------------------------------------------------
Status: Solved/Inaccurate
Hit max_iters, solution may be inaccurate
Timing: Solve time: 4.81e-01s
	Lin-sys: nnz in L factor: 94, avg solve time: 4.19e-07s
	Cones: avg projection time: 4.25e-05s
----------------------------------------------------------------------------
Error metrics:
dist(s, K) = 2.1470e-12, dist(y, K*) = 0.0000e+00, s'y/|s||y| = 1.6070e-12
|Ax + s - b|_2 / (1 + |b|_2) = 4.2379e-01
|A'y + c|_2 / (1 + |c|_2) = 4.1432e-01
|c'x + b'y| / (1 + |c'x| + |b'y|) = 1.8946e-02
----------------------------------------------------------------------------
c'x = 11.1468, -b'y = 11.5966
============================================================================
> q()

Process R finished at Thu Aug 31 18:17:48 2017
